{"C:\\Users\\lenovo\\OneDrive\\Escritorio\\Backend_3\\src\\dao\\adoption.dao.js": {"path":"C:\\Users\\lenovo\\OneDrive\\Escritorio\\Backend_3\\src\\dao\\adoption.dao.js","statementMap":{"0":{"start":{"line":6,"column":8},"end":{"line":6,"column":42}},"1":{"start":{"line":10,"column":8},"end":{"line":10,"column":48}},"2":{"start":{"line":14,"column":8},"end":{"line":14,"column":48}},"3":{"start":{"line":18,"column":8},"end":{"line":18,"column":78}},"4":{"start":{"line":22,"column":8},"end":{"line":22,"column":57}}},"fnMap":{"0":{"name":"(anonymous_0)","decl":{"start":{"line":5,"column":4},"end":{"line":5,"column":5}},"loc":{"start":{"line":5,"column":19},"end":{"line":7,"column":5}},"line":5},"1":{"name":"(anonymous_1)","decl":{"start":{"line":9,"column":4},"end":{"line":9,"column":5}},"loc":{"start":{"line":9,"column":22},"end":{"line":11,"column":5}},"line":9},"2":{"name":"(anonymous_2)","decl":{"start":{"line":13,"column":4},"end":{"line":13,"column":5}},"loc":{"start":{"line":13,"column":23},"end":{"line":15,"column":5}},"line":13},"3":{"name":"(anonymous_3)","decl":{"start":{"line":17,"column":4},"end":{"line":17,"column":5}},"loc":{"start":{"line":17,"column":27},"end":{"line":19,"column":5}},"line":17},"4":{"name":"(anonymous_4)","decl":{"start":{"line":21,"column":4},"end":{"line":21,"column":5}},"loc":{"start":{"line":21,"column":21},"end":{"line":23,"column":5}},"line":21}},"branchMap":{},"s":{"0":0,"1":0,"2":0,"3":0,"4":0},"f":{"0":0,"1":0,"2":0,"3":0,"4":0},"b":{},"inputSourceMap":null}
,"C:\\Users\\lenovo\\OneDrive\\Escritorio\\Backend_3\\src\\models\\adoption.model.js": {"path":"C:\\Users\\lenovo\\OneDrive\\Escritorio\\Backend_3\\src\\models\\adoption.model.js","statementMap":{"0":{"start":{"line":4,"column":23},"end":{"line":9,"column":2}},"1":{"start":{"line":11,"column":29},"end":{"line":11,"column":72}}},"fnMap":{},"branchMap":{},"s":{"0":0,"1":0},"f":{},"b":{},"inputSourceMap":null}
,"C:\\Users\\lenovo\\OneDrive\\Escritorio\\Backend_3\\src\\routers\\adoption.router.js": {"path":"C:\\Users\\lenovo\\OneDrive\\Escritorio\\Backend_3\\src\\routers\\adoption.router.js","statementMap":{"0":{"start":{"line":5,"column":15},"end":{"line":5,"column":23}},"1":{"start":{"line":6,"column":24},"end":{"line":6,"column":45}},"2":{"start":{"line":9,"column":0},"end":{"line":16,"column":3}},"3":{"start":{"line":10,"column":4},"end":{"line":15,"column":5}},"4":{"start":{"line":11,"column":26},"end":{"line":11,"column":65}},"5":{"start":{"line":12,"column":8},"end":{"line":12,"column":72}},"6":{"start":{"line":14,"column":8},"end":{"line":14,"column":74}},"7":{"start":{"line":19,"column":0},"end":{"line":28,"column":3}},"8":{"start":{"line":20,"column":4},"end":{"line":27,"column":5}},"9":{"start":{"line":21,"column":23},"end":{"line":21,"column":33}},"10":{"start":{"line":22,"column":25},"end":{"line":22,"column":66}},"11":{"start":{"line":23,"column":8},"end":{"line":23,"column":107}},"12":{"start":{"line":23,"column":23},"end":{"line":23,"column":107}},"13":{"start":{"line":24,"column":8},"end":{"line":24,"column":71}},"14":{"start":{"line":26,"column":8},"end":{"line":26,"column":74}},"15":{"start":{"line":31,"column":0},"end":{"line":38,"column":3}},"16":{"start":{"line":32,"column":4},"end":{"line":37,"column":5}},"17":{"start":{"line":33,"column":28},"end":{"line":33,"column":74}},"18":{"start":{"line":34,"column":8},"end":{"line":34,"column":74}},"19":{"start":{"line":36,"column":8},"end":{"line":36,"column":74}},"20":{"start":{"line":41,"column":0},"end":{"line":49,"column":3}},"21":{"start":{"line":42,"column":4},"end":{"line":48,"column":5}},"22":{"start":{"line":43,"column":23},"end":{"line":43,"column":33}},"23":{"start":{"line":44,"column":32},"end":{"line":44,"column":82}},"24":{"start":{"line":45,"column":8},"end":{"line":45,"column":78}},"25":{"start":{"line":47,"column":8},"end":{"line":47,"column":74}},"26":{"start":{"line":52,"column":0},"end":{"line":60,"column":3}},"27":{"start":{"line":53,"column":4},"end":{"line":59,"column":5}},"28":{"start":{"line":54,"column":23},"end":{"line":54,"column":33}},"29":{"start":{"line":55,"column":8},"end":{"line":55,"column":49}},"30":{"start":{"line":56,"column":8},"end":{"line":56,"column":83}},"31":{"start":{"line":58,"column":8},"end":{"line":58,"column":74}}},"fnMap":{"0":{"name":"(anonymous_0)","decl":{"start":{"line":9,"column":16},"end":{"line":9,"column":17}},"loc":{"start":{"line":9,"column":36},"end":{"line":16,"column":1}},"line":9},"1":{"name":"(anonymous_1)","decl":{"start":{"line":19,"column":19},"end":{"line":19,"column":20}},"loc":{"start":{"line":19,"column":39},"end":{"line":28,"column":1}},"line":19},"2":{"name":"(anonymous_2)","decl":{"start":{"line":31,"column":17},"end":{"line":31,"column":18}},"loc":{"start":{"line":31,"column":37},"end":{"line":38,"column":1}},"line":31},"3":{"name":"(anonymous_3)","decl":{"start":{"line":41,"column":19},"end":{"line":41,"column":20}},"loc":{"start":{"line":41,"column":39},"end":{"line":49,"column":1}},"line":41},"4":{"name":"(anonymous_4)","decl":{"start":{"line":52,"column":22},"end":{"line":52,"column":23}},"loc":{"start":{"line":52,"column":42},"end":{"line":60,"column":1}},"line":52}},"branchMap":{"0":{"loc":{"start":{"line":23,"column":8},"end":{"line":23,"column":107}},"type":"if","locations":[{"start":{"line":23,"column":8},"end":{"line":23,"column":107}},{"start":{},"end":{}}],"line":23}},"s":{"0":1,"1":1,"2":1,"3":3,"4":3,"5":2,"6":1,"7":1,"8":4,"9":4,"10":4,"11":3,"12":2,"13":1,"14":1,"15":1,"16":4,"17":4,"18":1,"19":3,"20":1,"21":4,"22":4,"23":4,"24":2,"25":2,"26":1,"27":4,"28":4,"29":4,"30":1,"31":3},"f":{"0":3,"1":4,"2":4,"3":4,"4":4},"b":{"0":[2,1]},"inputSourceMap":null,"_coverageSchema":"1a1c01bbd47fc00a2c39e90264f33305004495a9","hash":"2398703ebc0d7e4b410c1ba8be14816cb44c84ec"}
,"C:\\Users\\lenovo\\OneDrive\\Escritorio\\Backend_3\\src\\services\\adoption.service.js": {"path":"C:\\Users\\lenovo\\OneDrive\\Escritorio\\Backend_3\\src\\services\\adoption.service.js","statementMap":{"0":{"start":{"line":7,"column":8},"end":{"line":7,"column":37}},"1":{"start":{"line":11,"column":8},"end":{"line":11,"column":55}},"2":{"start":{"line":12,"column":8},"end":{"line":12,"column":39}},"3":{"start":{"line":16,"column":8},"end":{"line":16,"column":57}},"4":{"start":{"line":17,"column":8},"end":{"line":17,"column":42}},"5":{"start":{"line":21,"column":8},"end":{"line":21,"column":46}},"6":{"start":{"line":22,"column":8},"end":{"line":22,"column":43}},"7":{"start":{"line":26,"column":8},"end":{"line":26,"column":59}},"8":{"start":{"line":27,"column":8},"end":{"line":27,"column":47}},"9":{"start":{"line":31,"column":8},"end":{"line":31,"column":57}},"10":{"start":{"line":32,"column":8},"end":{"line":32,"column":41}}},"fnMap":{"0":{"name":"(anonymous_0)","decl":{"start":{"line":6,"column":4},"end":{"line":6,"column":5}},"loc":{"start":{"line":6,"column":18},"end":{"line":8,"column":5}},"line":6},"1":{"name":"(anonymous_1)","decl":{"start":{"line":10,"column":4},"end":{"line":10,"column":5}},"loc":{"start":{"line":10,"column":28},"end":{"line":13,"column":5}},"line":10},"2":{"name":"(anonymous_2)","decl":{"start":{"line":15,"column":4},"end":{"line":15,"column":5}},"loc":{"start":{"line":15,"column":30},"end":{"line":18,"column":5}},"line":15},"3":{"name":"(anonymous_3)","decl":{"start":{"line":20,"column":4},"end":{"line":20,"column":5}},"loc":{"start":{"line":20,"column":31},"end":{"line":23,"column":5}},"line":20},"4":{"name":"(anonymous_4)","decl":{"start":{"line":25,"column":4},"end":{"line":25,"column":5}},"loc":{"start":{"line":25,"column":35},"end":{"line":28,"column":5}},"line":25},"5":{"name":"(anonymous_5)","decl":{"start":{"line":30,"column":4},"end":{"line":30,"column":5}},"loc":{"start":{"line":30,"column":29},"end":{"line":33,"column":5}},"line":30}},"branchMap":{},"s":{"0":0,"1":0,"2":0,"3":0,"4":0,"5":0,"6":0,"7":0,"8":0,"9":0,"10":0},"f":{"0":0,"1":0,"2":0,"3":0,"4":0,"5":0},"b":{},"inputSourceMap":null}
,"C:\\Users\\lenovo\\OneDrive\\Escritorio\\Backend_3\\src\\utils\\logger.js": {"path":"C:\\Users\\lenovo\\OneDrive\\Escritorio\\Backend_3\\src\\utils\\logger.js","statementMap":{"0":{"start":{"line":4,"column":28},"end":{"line":21,"column":1}},"1":{"start":{"line":23,"column":0},"end":{"line":23,"column":46}},"2":{"start":{"line":25,"column":18},"end":{"line":36,"column":2}},"3":{"start":{"line":38,"column":19},"end":{"line":54,"column":2}},"4":{"start":{"line":56,"column":22},"end":{"line":56,"column":84}}},"fnMap":{},"branchMap":{"0":{"loc":{"start":{"line":56,"column":22},"end":{"line":56,"column":84}},"type":"cond-expr","locations":[{"start":{"line":56,"column":62},"end":{"line":56,"column":72}},{"start":{"line":56,"column":75},"end":{"line":56,"column":84}}],"line":56}},"s":{"0":0,"1":0,"2":0,"3":0,"4":0},"f":{},"b":{"0":[0,0]},"inputSourceMap":null}
}
