TN:
SF:src\dao\adoption.dao.js
FN:5,(anonymous_0)
FN:9,(anonymous_1)
FN:13,(anonymous_2)
FN:17,(anonymous_3)
FN:21,(anonymous_4)
FNF:5
FNH:0
FNDA:0,(anonymous_0)
FNDA:0,(anonymous_1)
FNDA:0,(anonymous_2)
FNDA:0,(anonymous_3)
FNDA:0,(anonymous_4)
DA:6,0
DA:10,0
DA:14,0
DA:18,0
DA:22,0
LF:5
LH:0
BRF:0
BRH:0
end_of_record
TN:
SF:src\models\adoption.model.js
FNF:0
FNH:0
DA:4,0
DA:11,0
LF:2
LH:0
BRF:0
BRH:0
end_of_record
TN:
SF:src\routers\adoption.router.js
FN:9,(anonymous_0)
FN:19,(anonymous_1)
FN:31,(anonymous_2)
FN:41,(anonymous_3)
FN:52,(anonymous_4)
FNF:5
FNH:5
FNDA:3,(anonymous_0)
FNDA:4,(anonymous_1)
FNDA:4,(anonymous_2)
FNDA:4,(anonymous_3)
FNDA:4,(anonymous_4)
DA:5,1
DA:6,1
DA:9,1
DA:10,3
DA:11,3
DA:12,2
DA:14,1
DA:19,1
DA:20,4
DA:21,4
DA:22,4
DA:23,3
DA:24,1
DA:26,1
DA:31,1
DA:32,4
DA:33,4
DA:34,1
DA:36,3
DA:41,1
DA:42,4
DA:43,4
DA:44,4
DA:45,2
DA:47,2
DA:52,1
DA:53,4
DA:54,4
DA:55,4
DA:56,1
DA:58,3
LF:31
LH:31
BRDA:23,0,0,2
BRDA:23,0,1,1
BRF:2
BRH:2
end_of_record
TN:
SF:src\services\adoption.service.js
FN:6,(anonymous_0)
FN:10,(anonymous_1)
FN:15,(anonymous_2)
FN:20,(anonymous_3)
FN:25,(anonymous_4)
FN:30,(anonymous_5)
FNF:6
FNH:0
FNDA:0,(anonymous_0)
FNDA:0,(anonymous_1)
FNDA:0,(anonymous_2)
FNDA:0,(anonymous_3)
FNDA:0,(anonymous_4)
FNDA:0,(anonymous_5)
DA:7,0
DA:11,0
DA:12,0
DA:16,0
DA:17,0
DA:21,0
DA:22,0
DA:26,0
DA:27,0
DA:31,0
DA:32,0
LF:11
LH:0
BRF:0
BRH:0
end_of_record
TN:
SF:src\utils\logger.js
FNF:0
FNH:0
DA:4,0
DA:23,0
DA:25,0
DA:38,0
DA:56,0
LF:5
LH:0
BRDA:56,0,0,0
BRDA:56,0,1,0
BRF:2
BRH:0
end_of_record
